[2026-05-07 00:06:10] ━━━━━━━━━━━━━━━━━━━━━━━━━━━━━━━━━━━━━━━━
[2026-05-07 00:06:10] 🔍 開始驗證 2026-05-07 發文任務
[2026-05-07 00:06:10] ━━━━━━━━━━━━━━━━━━━━━━━━━━━━━━━━━━━━━━━━
[2026-05-07 00:06:10] 📅 今天不是發文日（週一三五），跳過驗證
[] ━━━━━━━━━━━━━━━━━━━━━━━━━━━━━━━━━━━━━━━━
[] 🔍 開始驗證 2026-05-06 發文任務（測試模式）
[] ━━━━━━━━━━━━━━━━━━━━━━━━━━━━━━━━━━━━━━━━
[] 📋 步驟 1/5: 查找今日排程文章...
[] ✅ 步驟 1/5 通過: 文章檔案存在 → index.html
[] 🏠 步驟 2/5: 檢查首頁 index.html...
[] 📑 步驟 3/5: 檢查文章列表頁...
[] 🚀 步驟 4/5: 檢查 Netlify 部署...
[] ✅ 步驟 4/5 通過: Deploy ID 有效 → 69fb0189ca216b05f822ea24
[] 🌐 步驟 5/5: 檢查正式站可訪問性...
[] ✅ 步驟 5/5 通過: https://fun1399.com/articles/index.html → HTTP 200
[] ━━━━━━━━━━━━━━━━━━━━━━━━━━━━━━━━━━━━━━━━
[] ❌ 驗證失敗: 2 項檢查未通過
[] ━━━━━━━━━━━━━━━━━━━━━━━━━━━━━━━━━━━━━━━━
[2026-05-11 10:11:02] ━━━━━━━━━━━━━━━━━━━━━━━━━━━━━━━━━━━━━━━━
[2026-05-11 10:11:02] 🔍 開始驗證 2026-05-11 發文任務
[2026-05-11 10:11:02] ━━━━━━━━━━━━━━━━━━━━━━━━━━━━━━━━━━━━━━━━
[2026-05-11 10:11:02] 📋 步驟 1/6: 查找今日排程文章...
[2026-05-11 10:11:02] ✅ 步驟 1/6 通過: 文章檔案存在 → casino-license-verification-2026.html
[2026-05-11 10:11:02] 🏠 步驟 2/6: 檢查首頁 index.html...
[2026-05-11 10:11:02] ✅ 步驟 2/6 通過: 首頁已包含今日文章連結
[2026-05-11 10:11:02] 📑 步驟 3/6: 檢查文章列表頁...
[2026-05-11 10:11:02] ✅ 步驟 3/6 通過: 文章列表頁已包含今日文章
[2026-05-11 10:11:02] 🚀 步驟 4/6: 檢查 Netlify 部署...
[2026-05-11 10:11:02] ✅ 步驟 4/6 通過: Deploy ID 有效 → 6a013a99e26c17464dc2bfba
[2026-05-11 10:11:02] 🌐 步驟 5/6: 檢查正式站可訪問性...
[2026-05-11 10:11:03] 🗺️ 步驟 6/6: 檢查 sitemap.xml 含今日文章...
[2026-05-11 10:11:03] ✅ 步驟 6/6 通過: sitemap.xml 已包含今日文章 URL
[2026-05-11 10:11:03] ━━━━━━━━━━━━━━━━━━━━━━━━━━━━━━━━━━━━━━━━
[2026-05-11 10:11:03] ❌ 驗證失敗: 1 項檢查未通過
[2026-05-11 10:11:03] ━━━━━━━━━━━━━━━━━━━━━━━━━━━━━━━━━━━━━━━━
[2026-05-11 10:11:03] 
[2026-05-11 10:11:03] ═══════════════════════════════════════════════════
[2026-05-11 10:11:03]   驗證失敗，啟動自動 Retry (0/1)
[2026-05-11 10:11:03] ═══════════════════════════════════════════════════
[2026-05-11 10:11:03] 
[2026-05-11 10:11:03] 🔄 啟動自動 Retry (1/1)...
[2026-05-11 10:11:03] ⚠️ 找不到 auto-publish.sh，無法自動 Retry
[2026-05-11 10:11:03] 
[2026-05-11 10:11:03] ═══════════════════════════════════════════════════
[2026-05-11 10:11:03]   ❌ 驗證失敗且 Retry 無效
[2026-05-11 10:11:03]   標記為「待補發」，請手動處理
[2026-05-11 10:11:03] ═══════════════════════════════════════════════════
[2026-05-11 10:11:03] 
[2026-05-11 10:11:03] ⚠️ Telegram 通知未設定（缺少 TELEGRAM_BOT_TOKEN 或 TELEGRAM_CHAT_ID）
[2026-05-11 10:11:28] ━━━━━━━━━━━━━━━━━━━━━━━━━━━━━━━━━━━━━━━━
[2026-05-11 10:11:28] 🔍 開始驗證 2026-05-11 發文任務
[2026-05-11 10:11:28] ━━━━━━━━━━━━━━━━━━━━━━━━━━━━━━━━━━━━━━━━
[2026-05-11 10:11:28] 📋 步驟 1/6: 查找今日排程文章...
[2026-05-11 10:11:28] ✅ 步驟 1/6 通過: 文章檔案存在 → casino-license-verification-2026.html
[2026-05-11 10:11:28] 🏠 步驟 2/6: 檢查首頁 index.html...
[2026-05-11 10:11:28] ✅ 步驟 2/6 通過: 首頁已包含今日文章連結
[2026-05-11 10:11:28] 📑 步驟 3/6: 檢查文章列表頁...
[2026-05-11 10:11:28] ✅ 步驟 3/6 通過: 文章列表頁已包含今日文章
[2026-05-11 10:11:28] 🚀 步驟 4/6: 檢查 Netlify 部署...
[2026-05-11 10:11:28] ✅ 步驟 4/6 通過: Deploy ID 有效 → 6a013a99e26c17464dc2bfba
[2026-05-11 10:11:28] 🌐 步驟 5/6: 檢查正式站可訪問性...
[2026-05-11 10:11:28] ✅ 步驟 5/6 通過: https://fun1399.com/articles/casino-license-verification-2026.html → HTTP 200
[2026-05-11 10:11:28] 🗺️ 步驟 6/6: 檢查 sitemap.xml 含今日文章...
[2026-05-11 10:11:28] ✅ 步驟 6/6 通過: sitemap.xml 已包含今日文章 URL
[2026-05-11 10:11:28] ━━━━━━━━━━━━━━━━━━━━━━━━━━━━━━━━━━━━━━━━
[2026-05-11 10:11:28] 🎉 驗證全部通過！發文任務真正完成
[2026-05-11 10:11:28] ━━━━━━━━━━━━━━━━━━━━━━━━━━━━━━━━━━━━━━━━
[2026-05-15 14:35:46] ━━━━━━━━━━━━━━━━━━━━━━━━━━━━━━━━━━━━━━━━
[2026-05-15 14:35:46] 🔍 開始驗證 2026-05-15 發文任務
[2026-05-15 14:35:46] ━━━━━━━━━━━━━━━━━━━━━━━━━━━━━━━━━━━━━━━━
[2026-05-15 14:35:46] 📋 步驟 1/6: 查找今日排程文章...
[2026-05-15 14:35:47] ✅ 步驟 1/6 通過: 文章檔案存在 → usdt-casino-scam-2026.html
[2026-05-15 14:35:47] 🏠 步驟 2/6: 檢查首頁 index.html...
[2026-05-15 14:35:47] ✅ 步驟 2/6 通過: 首頁已包含今日文章連結
[2026-05-15 14:35:47] 📑 步驟 3/6: 檢查文章列表頁...
[2026-05-15 14:35:47] ✅ 步驟 3/6 通過: 文章列表頁已包含今日文章
[2026-05-15 14:35:47] 🚀 步驟 4/6: 檢查 Netlify 部署...
[2026-05-15 14:35:47] ✅ 步驟 4/6 通過: Deploy ID 有效 → 6a06be86caf9efa564a7aa69
[2026-05-15 14:35:47] 🌐 步驟 5/6: 檢查正式站可訪問性...
[2026-05-15 14:35:47] ✅ 步驟 5/6 通過: https://fun1399.com/articles/usdt-casino-scam-2026.html → HTTP 200
[2026-05-15 14:35:47] 🗺️ 步驟 6/6: 檢查 sitemap.xml 含今日文章...
[2026-05-15 14:35:47] ━━━━━━━━━━━━━━━━━━━━━━━━━━━━━━━━━━━━━━━━
[2026-05-15 14:35:48] ❌ 驗證失敗: 1 項檢查未通過
[2026-05-15 14:35:48] ━━━━━━━━━━━━━━━━━━━━━━━━━━━━━━━━━━━━━━━━
[2026-05-15 14:35:48] 
[2026-05-15 14:35:48] ═══════════════════════════════════════════════════
[2026-05-15 14:35:48]   驗證失敗，啟動自動 Retry (0/1)
[2026-05-15 14:35:48] ═══════════════════════════════════════════════════
[2026-05-15 14:35:48] 
[2026-05-15 14:35:48] 🔄 啟動自動 Retry (1/1)...
[2026-05-15 14:35:48] ⚠️ 找不到 auto-publish.sh，無法自動 Retry
[2026-05-15 14:35:48] 
[2026-05-15 14:35:48] ═══════════════════════════════════════════════════
[2026-05-15 14:35:48]   ❌ 驗證失敗且 Retry 無效
[2026-05-15 14:35:48]   標記為「待補發」，請手動處理
[2026-05-15 14:35:48] ═══════════════════════════════════════════════════
[2026-05-15 14:35:48] 
[2026-05-15 14:35:48] ⚠️ Telegram 通知未設定（缺少 TELEGRAM_BOT_TOKEN 或 TELEGRAM_CHAT_ID）
[2026-05-15 14:38:44] ━━━━━━━━━━━━━━━━━━━━━━━━━━━━━━━━━━━━━━━━
[2026-05-15 14:38:44] 🔍 開始驗證 2026-05-15 發文任務
[2026-05-15 14:38:44] ━━━━━━━━━━━━━━━━━━━━━━━━━━━━━━━━━━━━━━━━
[2026-05-15 14:38:44] 📋 步驟 1/6: 查找今日排程文章...
[2026-05-15 14:38:45] ✅ 步驟 1/6 通過: 文章檔案存在 → usdt-casino-scam-2026.html
[2026-05-15 14:38:45] 🏠 步驟 2/6: 檢查首頁 index.html...
[2026-05-15 14:38:45] ✅ 步驟 2/6 通過: 首頁已包含今日文章連結
[2026-05-15 14:38:45] 📑 步驟 3/6: 檢查文章列表頁...
[2026-05-15 14:38:45] ✅ 步驟 3/6 通過: 文章列表頁已包含今日文章
[2026-05-15 14:38:45] 🚀 步驟 4/6: 檢查 Netlify 部署...
[2026-05-15 14:38:45] ✅ 步驟 4/6 通過: Deploy ID 有效 → 6a06bf32d338de8e68502bb9
[2026-05-15 14:38:45] 🌐 步驟 5/6: 檢查正式站可訪問性...
[2026-05-15 14:38:45] ✅ 步驟 5/6 通過: https://fun1399.com/articles/usdt-casino-scam-2026.html → HTTP 200
[2026-05-15 14:38:45] 🗺️ 步驟 6/6: 檢查 sitemap.xml 含今日文章...
[2026-05-15 14:38:45] ✅ 步驟 6/6 通過: sitemap.xml 已包含今日文章 URL
[2026-05-15 14:38:45] ━━━━━━━━━━━━━━━━━━━━━━━━━━━━━━━━━━━━━━━━
[2026-05-15 14:38:45] 🎉 驗證全部通過！發文任務真正完成
[2026-05-15 14:38:45] ━━━━━━━━━━━━━━━━━━━━━━━━━━━━━━━━━━━━━━━━
[2026-05-18 10:09:21] ━━━━━━━━━━━━━━━━━━━━━━━━━━━━━━━━━━━━━━━━
[2026-05-18 10:09:21] 🔍 開始驗證 2026-05-18 發文任務
[2026-05-18 10:09:21] ━━━━━━━━━━━━━━━━━━━━━━━━━━━━━━━━━━━━━━━━
[2026-05-18 10:09:21] 📋 步驟 1/6: 查找今日排程文章...
[2026-05-18 10:09:21] ✅ 步驟 1/6 通過: 文章檔案存在 → casino-agent-scam-2026.html
[2026-05-18 10:09:21] 🏠 步驟 2/6: 檢查首頁 index.html...
[2026-05-18 10:09:21] ✅ 步驟 2/6 通過: 首頁已包含今日文章連結
[2026-05-18 10:09:21] 📑 步驟 3/6: 檢查文章列表頁...
[2026-05-18 10:09:21] ✅ 步驟 3/6 通過: 文章列表頁已包含今日文章
[2026-05-18 10:09:21] 🚀 步驟 4/6: 檢查 Netlify 部署...
[2026-05-18 10:09:21] ✅ 步驟 4/6 通過: Deploy ID 有效 → 6a0a74c1eb0a6f5696392378
[2026-05-18 10:09:21] 🌐 步驟 5/6: 檢查正式站可訪問性...
[2026-05-18 10:09:21] ✅ 步驟 5/6 通過: https://fun1399.com/articles/casino-agent-scam-2026.html → HTTP 200
[2026-05-18 10:09:21] 🗺️ 步驟 6/6: 檢查 sitemap.xml 含今日文章...
[2026-05-18 10:09:21] ━━━━━━━━━━━━━━━━━━━━━━━━━━━━━━━━━━━━━━━━
[2026-05-18 10:09:21] ❌ 驗證失敗: 1 項檢查未通過
[2026-05-18 10:09:21] ━━━━━━━━━━━━━━━━━━━━━━━━━━━━━━━━━━━━━━━━
[2026-05-18 10:09:21] 
[2026-05-18 10:09:21] ═══════════════════════════════════════════════════
[2026-05-18 10:09:21]   驗證失敗，啟動自動 Retry (0/1)
[2026-05-18 10:09:21] ═══════════════════════════════════════════════════
[2026-05-18 10:09:21] 
[2026-05-18 10:09:21] 🔄 啟動自動 Retry (1/1)...
[2026-05-18 10:09:21] ⚠️ 找不到 auto-publish.sh，無法自動 Retry
[2026-05-18 10:09:21] 
[2026-05-18 10:09:21] ═══════════════════════════════════════════════════
[2026-05-18 10:09:21]   ❌ 驗證失敗且 Retry 無效
[2026-05-18 10:09:21]   標記為「待補發」，請手動處理
[2026-05-18 10:09:22] ═══════════════════════════════════════════════════
[2026-05-18 10:09:22] 
[2026-05-18 10:09:22] ⚠️ Telegram 通知未設定（缺少 TELEGRAM_BOT_TOKEN 或 TELEGRAM_CHAT_ID）
[2026-05-18 10:10:39] ━━━━━━━━━━━━━━━━━━━━━━━━━━━━━━━━━━━━━━━━
[2026-05-18 10:10:39] 🔍 開始驗證 2026-05-18 發文任務
[2026-05-18 10:10:39] ━━━━━━━━━━━━━━━━━━━━━━━━━━━━━━━━━━━━━━━━
[2026-05-18 10:10:39] 📋 步驟 1/6: 查找今日排程文章...
[2026-05-18 10:10:39] ✅ 步驟 1/6 通過: 文章檔案存在 → casino-agent-scam-2026.html
[2026-05-18 10:10:39] 🏠 步驟 2/6: 檢查首頁 index.html...
[2026-05-18 10:10:39] ✅ 步驟 2/6 通過: 首頁已包含今日文章連結
[2026-05-18 10:10:39] 📑 步驟 3/6: 檢查文章列表頁...
[2026-05-18 10:10:39] ✅ 步驟 3/6 通過: 文章列表頁已包含今日文章
[2026-05-18 10:10:39] 🚀 步驟 4/6: 檢查 Netlify 部署...
[2026-05-18 10:10:39] ✅ 步驟 4/6 通過: Deploy ID 有效 → 6a0a75019a26ec5ffb9ed5c5
[2026-05-18 10:10:39] 🌐 步驟 5/6: 檢查正式站可訪問性...
[2026-05-18 10:10:40] ✅ 步驟 5/6 通過: https://fun1399.com/articles/casino-agent-scam-2026.html → HTTP 200
[2026-05-18 10:10:40] 🗺️ 步驟 6/6: 檢查 sitemap.xml 含今日文章...
[2026-05-18 10:10:40] ✅ 步驟 6/6 通過: sitemap.xml 已包含今日文章 URL
[2026-05-18 10:10:40] ━━━━━━━━━━━━━━━━━━━━━━━━━━━━━━━━━━━━━━━━
[2026-05-18 10:10:40] 🎉 驗證全部通過！發文任務真正完成
[2026-05-18 10:10:40] ━━━━━━━━━━━━━━━━━━━━━━━━━━━━━━━━━━━━━━━━
[2026-05-20 10:17:53] ━━━━━━━━━━━━━━━━━━━━━━━━━━━━━━━━━━━━━━━━
[2026-05-20 10:17:53] 🔍 開始驗證 2026-05-20 發文任務
[2026-05-20 10:17:53] ━━━━━━━━━━━━━━━━━━━━━━━━━━━━━━━━━━━━━━━━
[2026-05-20 10:17:53] 📋 步驟 1/6: 查找今日排程文章...
[2026-05-20 10:17:53] ✅ 步驟 1/6 通過: 文章檔案存在 → mbm-casino-review-may-2026.html
[2026-05-20 10:17:53] 🏠 步驟 2/6: 檢查首頁 index.html...
[2026-05-20 10:17:53] ✅ 步驟 2/6 通過: 首頁已包含今日文章連結
[2026-05-20 10:17:54] 📑 步驟 3/6: 檢查文章列表頁...
[2026-05-20 10:17:54] ✅ 步驟 3/6 通過: 文章列表頁已包含今日文章
[2026-05-20 10:17:54] 🚀 步驟 4/6: 檢查 Netlify 部署...
[2026-05-20 10:17:54] ✅ 步驟 4/6 通過: Deploy ID 有效 → 6a0d199091e89ea00e9952a9
[2026-05-20 10:17:54] 🌐 步驟 5/6: 檢查正式站可訪問性...
[2026-05-20 10:17:54] ✅ 步驟 5/6 通過: https://fun1399.com/articles/mbm-casino-review-may-2026.html → HTTP 200
[2026-05-20 10:17:54] 🗺️ 步驟 6/6: 檢查 sitemap.xml 含今日文章...
[2026-05-20 10:17:54] ━━━━━━━━━━━━━━━━━━━━━━━━━━━━━━━━━━━━━━━━
[2026-05-20 10:17:54] ❌ 驗證失敗: 1 項檢查未通過
[2026-05-20 10:17:54] ━━━━━━━━━━━━━━━━━━━━━━━━━━━━━━━━━━━━━━━━
[2026-05-20 10:17:54] 
[2026-05-20 10:17:54] ═══════════════════════════════════════════════════
[2026-05-20 10:17:54]   驗證失敗，啟動自動 Retry (0/1)
[2026-05-20 10:17:54] ═══════════════════════════════════════════════════
[2026-05-20 10:17:54] 
[2026-05-20 10:17:54] 🔄 啟動自動 Retry (1/1)...
[2026-05-20 10:17:54] ⚠️ 找不到 auto-publish.sh，無法自動 Retry
[2026-05-20 10:17:54] 
[2026-05-20 10:17:54] ═══════════════════════════════════════════════════
[2026-05-20 10:17:54]   ❌ 驗證失敗且 Retry 無效
[2026-05-20 10:17:54]   標記為「待補發」，請手動處理
[2026-05-20 10:17:54] ═══════════════════════════════════════════════════
[2026-05-20 10:17:54] 
[2026-05-20 10:17:54] ⚠️ Telegram 通知未設定（缺少 TELEGRAM_BOT_TOKEN 或 TELEGRAM_CHAT_ID）
[2026-05-20 10:20:10] ━━━━━━━━━━━━━━━━━━━━━━━━━━━━━━━━━━━━━━━━
[2026-05-20 10:20:10] 🔍 開始驗證 2026-05-20 發文任務
[2026-05-20 10:20:10] ━━━━━━━━━━━━━━━━━━━━━━━━━━━━━━━━━━━━━━━━
[2026-05-20 10:20:10] 📋 步驟 1/6: 查找今日排程文章...
[2026-05-20 10:20:10] ✅ 步驟 1/6 通過: 文章檔案存在 → mbm-casino-review-may-2026.html
[2026-05-20 10:20:10] 🏠 步驟 2/6: 檢查首頁 index.html...
[2026-05-20 10:20:10] ✅ 步驟 2/6 通過: 首頁已包含今日文章連結
[2026-05-20 10:20:10] 📑 步驟 3/6: 檢查文章列表頁...
[2026-05-20 10:20:10] ✅ 步驟 3/6 通過: 文章列表頁已包含今日文章
[2026-05-20 10:20:10] 🚀 步驟 4/6: 檢查 Netlify 部署...
[2026-05-20 10:20:10] ✅ 步驟 4/6 通過: Deploy ID 有效 → 6a0d1a27c9ee87832d5d675a
[2026-05-20 10:20:10] 🌐 步驟 5/6: 檢查正式站可訪問性...
[2026-05-20 10:20:10] ✅ 步驟 5/6 通過: https://fun1399.com/articles/mbm-casino-review-may-2026.html → HTTP 200
[2026-05-20 10:20:10] 🗺️ 步驟 6/6: 檢查 sitemap.xml 含今日文章...
[2026-05-20 10:20:10] ✅ 步驟 6/6 通過: sitemap.xml 已包含今日文章 URL
[2026-05-20 10:20:10] ━━━━━━━━━━━━━━━━━━━━━━━━━━━━━━━━━━━━━━━━
[2026-05-20 10:20:10] 🎉 驗證全部通過！發文任務真正完成
[2026-05-20 10:20:10] ━━━━━━━━━━━━━━━━━━━━━━━━━━━━━━━━━━━━━━━━
